<?xml version="1.0" encoding="UTF-8"?>
<!-- Generated by org.testng.reporters.JUnitReportReporter -->
<testsuite skipped="0" hostname="WINDOWS-7UPEOK9" name="automationassignment.automate" tests="1" failures="0" timestamp="01 Sep 2020 08:15:42 GMT" time="2.975" errors="0">
  <testcase name="SalesforceLoginLogout" time="2.975" classname="automationassignment.automate"/>
</testsuite> <!-- automationassignment.automate -->
