<?xml version="1.0" encoding="UTF-8"?>
<!-- Generated by org.testng.reporters.JUnitReportReporter -->
<testsuite skipped="0" hostname="WINDOWS-7UPEOK9" name="automationassignment.blazedemo" tests="1" failures="0" timestamp="01 Sep 2020 09:08:45 GMT" time="10.863" errors="0">
  <testcase name="SalesforceLoginLogout" time="10.863" classname="automationassignment.blazedemo"/>
</testsuite> <!-- automationassignment.blazedemo -->
