<?xml version="1.0" encoding="UTF-8"?>
<!-- Generated by org.testng.reporters.JUnitReportReporter -->
<testsuite skipped="0" hostname="WINDOWS-7UPEOK9" name="automationassignment.MercuryTour" tests="1" failures="0" timestamp="01 Sep 2020 09:08:14 GMT" time="13.781" errors="0">
  <testcase name="MercuryTour" time="13.781" classname="automationassignment.MercuryTour"/>
</testsuite> <!-- automationassignment.MercuryTour -->
